<?xml version="1.0" encoding="UTF-8"?>
<coverage generated="1721155487090" clover="3.2.0">
  <project timestamp="1721155487093" name="All files">
    <metrics statements="29" coveredstatements="28" conditionals="0" coveredconditionals="0" methods="13" coveredmethods="13" elements="42" coveredelements="41" complexity="0" loc="29" ncloc="29" packages="4" files="6" classes="6"/>
    <package name="configs">
      <metrics statements="2" coveredstatements="2" conditionals="0" coveredconditionals="0" methods="0" coveredmethods="0"/>
      <file name="api-urls.config.ts" path="C:\Users\nimro\node\express\node-express\coffee-tracker-api\coffee-tracker-express-api\configs\api-urls.config.ts">
        <metrics statements="2" coveredstatements="2" conditionals="0" coveredconditionals="0" methods="0" coveredmethods="0"/>
        <line num="3" count="1" type="stmt"/>
        <line num="15" count="1" type="stmt"/>
      </file>
    </package>
    <package name="controllers">
      <metrics statements="17" coveredstatements="17" conditionals="0" coveredconditionals="0" methods="10" coveredmethods="10"/>
      <file name="coffee.controller.ts" path="C:\Users\nimro\node\express\node-express\coffee-tracker-api\coffee-tracker-express-api\controllers\coffee.controller.ts">
        <metrics statements="17" coveredstatements="17" conditionals="0" coveredconditionals="0" methods="10" coveredmethods="10"/>
        <line num="2" count="1" type="stmt"/>
        <line num="3" count="1" type="stmt"/>
        <line num="5" count="1" type="stmt"/>
        <line num="6" count="1" type="stmt"/>
        <line num="9" count="1" type="stmt"/>
        <line num="10" count="1" type="stmt"/>
        <line num="13" count="1" type="stmt"/>
        <line num="14" count="1" type="stmt"/>
        <line num="17" count="1" type="stmt"/>
        <line num="18" count="1" type="stmt"/>
        <line num="21" count="1" type="stmt"/>
        <line num="22" count="1" type="stmt"/>
        <line num="26" count="1" type="stmt"/>
        <line num="27" count="1" type="stmt"/>
        <line num="28" count="1" type="stmt"/>
        <line num="29" count="1" type="stmt"/>
        <line num="30" count="1" type="stmt"/>
      </file>
    </package>
    <package name="mocks">
      <metrics statements="3" coveredstatements="3" conditionals="0" coveredconditionals="0" methods="0" coveredmethods="0"/>
      <file name="coffee.mock.ts" path="C:\Users\nimro\node\express\node-express\coffee-tracker-api\coffee-tracker-express-api\mocks\coffee.mock.ts">
        <metrics statements="2" coveredstatements="2" conditionals="0" coveredconditionals="0" methods="0" coveredmethods="0"/>
        <line num="3" count="1" type="stmt"/>
        <line num="36" count="1" type="stmt"/>
      </file>
      <file name="index.ts" path="C:\Users\nimro\node\express\node-express\coffee-tracker-api\coffee-tracker-express-api\mocks\index.ts">
        <metrics statements="1" coveredstatements="1" conditionals="0" coveredconditionals="0" methods="0" coveredmethods="0"/>
        <line num="2" count="1" type="stmt"/>
      </file>
    </package>
    <package name="utils">
      <metrics statements="7" coveredstatements="6" conditionals="0" coveredconditionals="0" methods="3" coveredmethods="3"/>
      <file name="asyncWrapper.ts" path="C:\Users\nimro\node\express\node-express\coffee-tracker-api\coffee-tracker-express-api\utils\asyncWrapper.ts">
        <metrics statements="6" coveredstatements="5" conditionals="0" coveredconditionals="0" methods="3" coveredmethods="3"/>
        <line num="10" count="1" type="stmt"/>
        <line num="11" count="5" type="stmt"/>
        <line num="15" count="5" type="stmt"/>
        <line num="16" count="5" type="stmt"/>
        <line num="17" count="5" type="stmt"/>
        <line num="19" count="0" type="stmt"/>
      </file>
      <file name="index.ts" path="C:\Users\nimro\node\express\node-express\coffee-tracker-api\coffee-tracker-express-api\utils\index.ts">
        <metrics statements="1" coveredstatements="1" conditionals="0" coveredconditionals="0" methods="0" coveredmethods="0"/>
        <line num="2" count="1" type="stmt"/>
      </file>
    </package>
  </project>
</coverage>
