{
    "C:\\Users\\nimro\\node\\express\\node-express\\coffee-tracker-api\\coffee-tracker-express-api\\configs\\api-urls.config.ts": {
        "path": "C:\\Users\\nimro\\node\\express\\node-express\\coffee-tracker-api\\coffee-tracker-express-api\\configs\\api-urls.config.ts",
        "statementMap": {
            "0": {
                "start": { "line": 3, "column": 20 },
                "end": { "line": 13, "column": 2 }
            },
            "1": {
                "start": { "line": 15, "column": 0 },
                "end": { "line": 15, "column": 20 }
            }
        },
        "fnMap": {},
        "branchMap": {},
        "s": { "0": 1, "1": 1 },
        "f": {},
        "b": {}
    },
    "C:\\Users\\nimro\\node\\express\\node-express\\coffee-tracker-api\\coffee-tracker-express-api\\controllers\\coffee.controller.ts": {
        "path": "C:\\Users\\nimro\\node\\express\\node-express\\coffee-tracker-api\\coffee-tracker-express-api\\controllers\\coffee.controller.ts",
        "statementMap": {
            "0": {
                "start": { "line": 2, "column": 0 },
                "end": { "line": 2, "column": 42 }
            },
            "1": {
                "start": { "line": 3, "column": 0 },
                "end": { "line": 3, "column": 40 }
            },
            "2": {
                "start": { "line": 5, "column": 25 },
                "end": { "line": 7, "column": 2 }
            },
            "3": {
                "start": { "line": 5, "column": 76 },
                "end": { "line": 7, "column": 2 }
            },
            "4": {
                "start": { "line": 6, "column": 4 },
                "end": { "line": 6, "column": 41 }
            },
            "5": {
                "start": { "line": 26, "column": 4 },
                "end": { "line": 26, "column": 20 }
            },
            "6": {
                "start": { "line": 9, "column": 24 },
                "end": { "line": 11, "column": 2 }
            },
            "7": {
                "start": { "line": 9, "column": 75 },
                "end": { "line": 11, "column": 2 }
            },
            "8": {
                "start": { "line": 10, "column": 4 },
                "end": { "line": 10, "column": 43 }
            },
            "9": {
                "start": { "line": 27, "column": 4 },
                "end": { "line": 27, "column": 19 }
            },
            "10": {
                "start": { "line": 13, "column": 21 },
                "end": { "line": 15, "column": 2 }
            },
            "11": {
                "start": { "line": 13, "column": 72 },
                "end": { "line": 15, "column": 2 }
            },
            "12": {
                "start": { "line": 14, "column": 4 },
                "end": { "line": 14, "column": 44 }
            },
            "13": {
                "start": { "line": 28, "column": 4 },
                "end": { "line": 28, "column": 16 }
            },
            "14": {
                "start": { "line": 17, "column": 24 },
                "end": { "line": 19, "column": 2 }
            },
            "15": {
                "start": { "line": 17, "column": 75 },
                "end": { "line": 19, "column": 2 }
            },
            "16": {
                "start": { "line": 18, "column": 4 },
                "end": { "line": 18, "column": 48 }
            },
            "17": {
                "start": { "line": 29, "column": 4 },
                "end": { "line": 29, "column": 19 }
            },
            "18": {
                "start": { "line": 21, "column": 24 },
                "end": { "line": 23, "column": 2 }
            },
            "19": {
                "start": { "line": 21, "column": 75 },
                "end": { "line": 23, "column": 2 }
            },
            "20": {
                "start": { "line": 22, "column": 4 },
                "end": { "line": 22, "column": 43 }
            },
            "21": {
                "start": { "line": 30, "column": 4 },
                "end": { "line": 30, "column": 19 }
            }
        },
        "fnMap": {
            "0": {
                "name": "(anonymous_7)",
                "decl": {
                    "start": { "line": 5, "column": 38 },
                    "end": { "line": 5, "column": 45 }
                },
                "loc": {
                    "start": { "line": 5, "column": 76 },
                    "end": { "line": 7, "column": 2 }
                }
            },
            "1": {
                "name": "(anonymous_8)",
                "decl": {
                    "start": { "line": 5, "column": 76 },
                    "end": { "line": 5, "column": null }
                },
                "loc": {
                    "start": { "line": 5, "column": 76 },
                    "end": { "line": 7, "column": 1 }
                }
            },
            "2": {
                "name": "(anonymous_9)",
                "decl": {
                    "start": { "line": 9, "column": 37 },
                    "end": { "line": 9, "column": 44 }
                },
                "loc": {
                    "start": { "line": 9, "column": 75 },
                    "end": { "line": 11, "column": 2 }
                }
            },
            "3": {
                "name": "(anonymous_10)",
                "decl": {
                    "start": { "line": 9, "column": 75 },
                    "end": { "line": 9, "column": null }
                },
                "loc": {
                    "start": { "line": 9, "column": 75 },
                    "end": { "line": 11, "column": 1 }
                }
            },
            "4": {
                "name": "(anonymous_11)",
                "decl": {
                    "start": { "line": 13, "column": 34 },
                    "end": { "line": 13, "column": 41 }
                },
                "loc": {
                    "start": { "line": 13, "column": 72 },
                    "end": { "line": 15, "column": 2 }
                }
            },
            "5": {
                "name": "(anonymous_12)",
                "decl": {
                    "start": { "line": 13, "column": 72 },
                    "end": { "line": 13, "column": null }
                },
                "loc": {
                    "start": { "line": 13, "column": 72 },
                    "end": { "line": 15, "column": 1 }
                }
            },
            "6": {
                "name": "(anonymous_13)",
                "decl": {
                    "start": { "line": 17, "column": 37 },
                    "end": { "line": 17, "column": 44 }
                },
                "loc": {
                    "start": { "line": 17, "column": 75 },
                    "end": { "line": 19, "column": 2 }
                }
            },
            "7": {
                "name": "(anonymous_14)",
                "decl": {
                    "start": { "line": 17, "column": 75 },
                    "end": { "line": 17, "column": null }
                },
                "loc": {
                    "start": { "line": 17, "column": 75 },
                    "end": { "line": 19, "column": 1 }
                }
            },
            "8": {
                "name": "(anonymous_15)",
                "decl": {
                    "start": { "line": 21, "column": 37 },
                    "end": { "line": 21, "column": 44 }
                },
                "loc": {
                    "start": { "line": 21, "column": 75 },
                    "end": { "line": 23, "column": 2 }
                }
            },
            "9": {
                "name": "(anonymous_16)",
                "decl": {
                    "start": { "line": 21, "column": 75 },
                    "end": { "line": 21, "column": null }
                },
                "loc": {
                    "start": { "line": 21, "column": 75 },
                    "end": { "line": 23, "column": 1 }
                }
            }
        },
        "branchMap": {},
        "s": {
            "0": 1,
            "1": 1,
            "2": 1,
            "3": 1,
            "4": 1,
            "5": 1,
            "6": 1,
            "7": 1,
            "8": 1,
            "9": 1,
            "10": 1,
            "11": 1,
            "12": 1,
            "13": 1,
            "14": 1,
            "15": 1,
            "16": 1,
            "17": 1,
            "18": 1,
            "19": 1,
            "20": 1,
            "21": 1
        },
        "f": {
            "0": 1,
            "1": 1,
            "2": 1,
            "3": 1,
            "4": 1,
            "5": 1,
            "6": 1,
            "7": 1,
            "8": 1,
            "9": 1
        },
        "b": {}
    },
    "C:\\Users\\nimro\\node\\express\\node-express\\coffee-tracker-api\\coffee-tracker-express-api\\mocks\\coffee.mock.ts": {
        "path": "C:\\Users\\nimro\\node\\express\\node-express\\coffee-tracker-api\\coffee-tracker-express-api\\mocks\\coffee.mock.ts",
        "statementMap": {
            "0": {
                "start": { "line": 3, "column": 36 },
                "end": { "line": 34, "column": 2 }
            },
            "1": {
                "start": { "line": 36, "column": 9 },
                "end": { "line": 36, "column": 23 }
            }
        },
        "fnMap": {},
        "branchMap": {},
        "s": { "0": 1, "1": 1 },
        "f": {},
        "b": {}
    },
    "C:\\Users\\nimro\\node\\express\\node-express\\coffee-tracker-api\\coffee-tracker-express-api\\mocks\\index.ts": {
        "path": "C:\\Users\\nimro\\node\\express\\node-express\\coffee-tracker-api\\coffee-tracker-express-api\\mocks\\index.ts",
        "statementMap": {
            "0": {
                "start": { "line": 2, "column": 0 },
                "end": { "line": 2, "column": 30 }
            }
        },
        "fnMap": {},
        "branchMap": {},
        "s": { "0": 1 },
        "f": {},
        "b": {}
    },
    "C:\\Users\\nimro\\node\\express\\node-express\\coffee-tracker-api\\coffee-tracker-express-api\\utils\\asyncWrapper.ts": {
        "path": "C:\\Users\\nimro\\node\\express\\node-express\\coffee-tracker-api\\coffee-tracker-express-api\\utils\\asyncWrapper.ts",
        "statementMap": {
            "0": {
                "start": { "line": 10, "column": 28 },
                "end": { "line": 22, "column": 1 }
            },
            "1": {
                "start": { "line": 11, "column": 4 },
                "end": { "line": 21, "column": 6 }
            },
            "2": {
                "start": { "line": 15, "column": 23 },
                "end": { "line": 21, "column": 6 }
            },
            "3": {
                "start": { "line": 16, "column": 8 },
                "end": { "line": 20, "column": 9 }
            },
            "4": {
                "start": { "line": 17, "column": 12 },
                "end": { "line": 17, "column": 37 }
            },
            "5": {
                "start": { "line": 19, "column": 12 },
                "end": { "line": 19, "column": 36 }
            },
            "6": {
                "start": { "line": 10, "column": 13 },
                "end": { "line": 10, "column": 28 }
            }
        },
        "fnMap": {
            "0": {
                "name": "(anonymous_7)",
                "decl": {
                    "start": { "line": 10, "column": 28 },
                    "end": { "line": 10, "column": 29 }
                },
                "loc": {
                    "start": { "line": 10, "column": 52 },
                    "end": { "line": 22, "column": 1 }
                }
            },
            "1": {
                "name": "(anonymous_8)",
                "decl": {
                    "start": { "line": 11, "column": 11 },
                    "end": { "line": 11, "column": null }
                },
                "loc": {
                    "start": { "line": 15, "column": 23 },
                    "end": { "line": 21, "column": 6 }
                }
            },
            "2": {
                "name": "(anonymous_9)",
                "decl": {
                    "start": { "line": 15, "column": 23 },
                    "end": { "line": 15, "column": null }
                },
                "loc": {
                    "start": { "line": 15, "column": 23 },
                    "end": { "line": 21, "column": 5 }
                }
            }
        },
        "branchMap": {},
        "s": { "0": 1, "1": 5, "2": 5, "3": 5, "4": 5, "5": 0, "6": 1 },
        "f": { "0": 5, "1": 5, "2": 5 },
        "b": {}
    },
    "C:\\Users\\nimro\\node\\express\\node-express\\coffee-tracker-api\\coffee-tracker-express-api\\utils\\index.ts": {
        "path": "C:\\Users\\nimro\\node\\express\\node-express\\coffee-tracker-api\\coffee-tracker-express-api\\utils\\index.ts",
        "statementMap": {
            "0": {
                "start": { "line": 2, "column": 0 },
                "end": { "line": 2, "column": 31 }
            }
        },
        "fnMap": {},
        "branchMap": {},
        "s": { "0": 1 },
        "f": {},
        "b": {}
    }
}
