TN:
SF:configs\api-urls.config.ts
FNF:0
FNH:0
DA:3,1
DA:15,1
LF:2
LH:2
BRF:0
BRH:0
end_of_record
TN:
SF:controllers\coffee.controller.ts
FN:5,(anonymous_7)
FN:5,(anonymous_8)
FN:9,(anonymous_9)
FN:9,(anonymous_10)
FN:13,(anonymous_11)
FN:13,(anonymous_12)
FN:17,(anonymous_13)
FN:17,(anonymous_14)
FN:21,(anonymous_15)
FN:21,(anonymous_16)
FNF:10
FNH:10
FNDA:1,(anonymous_7)
FNDA:1,(anonymous_8)
FNDA:1,(anonymous_9)
FNDA:1,(anonymous_10)
FNDA:1,(anonymous_11)
FNDA:1,(anonymous_12)
FNDA:1,(anonymous_13)
FNDA:1,(anonymous_14)
FNDA:1,(anonymous_15)
FNDA:1,(anonymous_16)
DA:2,1
DA:3,1
DA:5,1
DA:6,1
DA:9,1
DA:10,1
DA:13,1
DA:14,1
DA:17,1
DA:18,1
DA:21,1
DA:22,1
DA:26,1
DA:27,1
DA:28,1
DA:29,1
DA:30,1
LF:17
LH:17
BRF:0
BRH:0
end_of_record
TN:
SF:mocks\coffee.mock.ts
FNF:0
FNH:0
DA:3,1
DA:36,1
LF:2
LH:2
BRF:0
BRH:0
end_of_record
TN:
SF:mocks\index.ts
FNF:0
FNH:0
DA:2,1
LF:1
LH:1
BRF:0
BRH:0
end_of_record
TN:
SF:utils\asyncWrapper.ts
FN:10,(anonymous_7)
FN:11,(anonymous_8)
FN:15,(anonymous_9)
FNF:3
FNH:3
FNDA:5,(anonymous_7)
FNDA:5,(anonymous_8)
FNDA:5,(anonymous_9)
DA:10,1
DA:11,5
DA:15,5
DA:16,5
DA:17,5
DA:19,0
LF:6
LH:5
BRF:0
BRH:0
end_of_record
TN:
SF:utils\index.ts
FNF:0
FNH:0
DA:2,1
LF:1
LH:1
BRF:0
BRH:0
end_of_record
